{"name": "test_end_to_end_flow", "status": "failed", "statusDetails": {"message": "AssertionError: Locator expected to have text '$602.00'\nActual value: $1,204.00 \nCall log:\n  - Expect \"to_have_text\" with timeout 5000ms\n  - waiting for locator(\"//*[@id='content']/div[2]/div/table//strong[text()='Total:']//following::td\")\n    8 Ã— locator resolved to <td class=\"text-right\">$1,204.00</td>\n      - unexpected value \"$1,204.00\"", "trace": "page = <Page url='https://tutorialsninja.com/demo/index.php?route=checkout/cart'>\n\n    @pytest.mark.end_to_end\n    def test_end_to_end_flow(page):\n        \"\"\"\n        End-to-End Test Flow:\n        1. Register a new user.\n        2. Logout.\n        3. Login with the registered credentials.\n        4. Search and add a product to cart.\n        5. Verify cart contents.\n        \"\"\"\n    \n        # Step 1: Register a new account and capture the generated email\n        registered_email,registered_password = perform_registration(page)\n        print(\"âœ… Registration completed successfully!\")\n    \n        # Step 2: Logout after registration\n        perform_logout(page)\n        print(\"âœ… Logout completed successfully!\")\n    \n        # Step 3: Login with registered email\n        perform_login(page, registered_email,registered_password)\n        print(\"âœ… Login completed successfully!\")\n    \n        # Step 4: Search product and add to cart\n        add_product_to_cart(page)\n        print(\"âœ… Product added to cart successfully!\")\n    \n        # Step 5: Verify cart details\n>       verify_shopping_cart(page)\n\ntests/test_end_to_end.py:43: \n_ _ _ _ _ _ _ _ _ _ _ _ _ _ _ _ _ _ _ _ _ _ _ _ _ _ _ _ _ _ _ _ _ _ _ _ _ _ _ _ _ _ _ _ _ _ _ _ _ _ _ _ _ _ _ _ _ _ _ _ _ _ _ _ _ _ _ _ _ _ _ _ _ _ _ _ _ _ _ _ _ _ _\n\npage = <Page url='https://tutorialsninja.com/demo/index.php?route=checkout/cart'>\n\n    def verify_shopping_cart(page):\n        product_page = ProductPage(page)\n        product_page.click_items_to_navigate_to_cart()\n    \n        shopping_cart = product_page.click_view_cart()\n        config = Config()\n    \n        print(\"ðŸ›’ Navigated to Shopping Cart Page!\")\n    \n    \n>       expect(shopping_cart.get_total_price()).to_have_text(config.total_price)\nE       AssertionError: Locator expected to have text '$602.00'\nE       Actual value: $1,204.00 \nE       Call log:\nE         - Expect \"to_have_text\" with timeout 5000ms\nE         - waiting for locator(\"//*[@id='content']/div[2]/div/table//strong[text()='Total:']//following::td\")\nE           8 Ã— locator resolved to <td class=\"text-right\">$1,204.00</td>\nE             - unexpected value \"$1,204.00\"\n\ntests/test_end_to_end.py:163: AssertionError"}, "description": "\n    End-to-End Test Flow:\n    1. Register a new user.\n    2. Logout.\n    3. Login with the registered credentials.\n    4. Search and add a product to cart.\n    5. Verify cart contents.\n    ", "attachments": [{"name": "stdout", "source": "6e899974-0c4f-4832-9060-914c23e6e64c-attachment.txt", "type": "text/plain"}], "start": 1767952251024, "stop": 1767952262190, "uuid": "efbb8612-16c9-4e30-8603-042dae6cdaaf", "historyId": "a7eaa9f0adc41ab2d06b44d721303a39", "testCaseId": "a7eaa9f0adc41ab2d06b44d721303a39", "fullName": "tests.test_end_to_end#test_end_to_end_flow", "labels": [{"name": "tag", "value": "end_to_end"}, {"name": "parentSuite", "value": "tests"}, {"name": "suite", "value": "test_end_to_end"}, {"name": "host", "value": "Roach"}, {"name": "thread", "value": "30947-MainThread"}, {"name": "framework", "value": "pytest"}, {"name": "language", "value": "cpython3"}, {"name": "package", "value": "tests.test_end_to_end"}], "titlePath": ["tests", "test_end_to_end.py"]}