{"name": "test_alid_user_login", "status": "failed", "statusDetails": {"message": "AssertionError: Locator expected to be visible\nActual value: None\nError: element(s) not found \nCall log:\n  - Expect \"to_be_visible\" with timeout 300ms\n  - waiting for locator(\"h2:has-text('My Account')\")", "trace": "page = <Page url='https://tutorialsninja.com/demo/index.php?route=account/login'>\n\n    def test_alid_user_login(page):\n        hompage=Homepage(page)\n        loginpage =LoginPage(page)\n    \n        hompage.click_my_account()\n        hompage.click_login()\n    \n        loginpage.set_email(Config.email)\n        loginpage.set_password(Config.password)\n    \n        loginpage.click_login()\n    \n        time.sleep(2)\n    \n        myaccount=MyAccountPage(page)\n    \n        page_heading= myaccount.get_my_account_page_heading()\n    \n>       expect(page_heading).to_be_visible(timeout=300)\nE       AssertionError: Locator expected to be visible\nE       Actual value: None\nE       Error: element(s) not found \nE       Call log:\nE         - Expect \"to_be_visible\" with timeout 300ms\nE         - waiting for locator(\"h2:has-text('My Account')\")\n\ntests/test_login.py:79: AssertionError"}, "attachments": [{"name": "stdout", "source": "5707a2f9-8ef1-4ecf-8110-4c28b93575c5-attachment.txt", "type": "text/plain"}], "start": 1767867419666, "stop": 1767867424540, "uuid": "4a7f99e3-ce29-4369-b6e4-d971f2d12b91", "historyId": "898a15bb73165bcde3c263b1fff56277", "testCaseId": "898a15bb73165bcde3c263b1fff56277", "fullName": "tests.test_login#test_alid_user_login", "labels": [{"name": "parentSuite", "value": "tests"}, {"name": "suite", "value": "test_login"}, {"name": "host", "value": "Roach"}, {"name": "thread", "value": "140013-MainThread"}, {"name": "framework", "value": "pytest"}, {"name": "language", "value": "cpython3"}, {"name": "package", "value": "tests.test_login"}], "titlePath": ["tests", "test_login.py"]}