{"name": "test_end_to_end_flow", "status": "failed", "statusDetails": {"message": "AssertionError: Locator expected to be visible\nActual value: None\nError: element(s) not found \nCall log:\n  - Expect \"to_be_visible\" with timeout 3000ms\n  - waiting for locator(\".alert.alert-success.alert-dismissible\")", "trace": "page = <Page url='https://tutorialsninja.com/demo/index.php?route=product/product&product_id=43&search=MacBook'>\n\n    @pytest.mark.end_to_end\n    def test_end_to_end_flow(page):\n        \"\"\"\n        End-to-End Test Flow:\n        1. Register a new user.\n        2. Logout.\n        3. Login with the registered credentials.\n        4. Search and add a product to cart.\n        5. Verify cart contents.\n        \"\"\"\n    \n        # Step 1: Register a new account and capture the generated email\n        registered_email,registered_password = perform_registration(page)\n        print(\"✅ Registration completed successfully!\")\n    \n        # Step 2: Logout after registration\n        perform_logout(page)\n        print(\"✅ Logout completed successfully!\")\n    \n        # Step 3: Login with registered email\n        perform_login(page, registered_email,registered_password)\n        print(\"✅ Login completed successfully!\")\n    \n        # Step 4: Search product and add to cart\n>       add_product_to_cart(page)\n\ntests/test_end_to_end.py:39: \n_ _ _ _ _ _ _ _ _ _ _ _ _ _ _ _ _ _ _ _ _ _ _ _ _ _ _ _ _ _ _ _ _ _ _ _ _ _ _ _ _ _ _ _ _ _ _ _ _ _ _ _ _ _ _ _ _ _ _ _ _ _ _ _ _ _ _ _ _ _ _ _ _ _ _ _ _ _ _ _ _ _ _\n\npage = <Page url='https://tutorialsninja.com/demo/index.php?route=product/product&product_id=43&search=MacBook'>\n\n    def add_product_to_cart(page):\n    \n        #search results + add produc to cart\n    \n    \n        # Get product name from configuration\n        product_name = Config.product_name\n        quantity = Config.product_quantity\n    \n        # Create Page Object instances\n        home_page = HomePage(page)\n        search_results_page=SearchResultsPage(page)\n    \n        #  Enter product name and click Search\n        home_page.enter_product_name(product_name)\n        home_page.click_search()\n    \n        # Verify that the search results page is displayed\n        expect(search_results_page.get_search_results_page_header()).to_be_visible(timeout=3000)\n    \n        # Validate if the searched product appears in results\n        expect(search_results_page.is_product_exist(product_name)).to_be_visible(timeout=3000)\n    \n    \n        product_page = search_results_page.select_product(product_name)\n        product_page.set_quantity(quantity)\n        product_page.add_to_cart()\n        page.locator('#button-cart').click()\n        print(\"Pass\")\n    \n        # Verify success message appears\n>       expect(product_page.get_confirmation_message()).to_be_visible(timeout=3000)\nE       AssertionError: Locator expected to be visible\nE       Actual value: None\nE       Error: element(s) not found \nE       Call log:\nE         - Expect \"to_be_visible\" with timeout 3000ms\nE         - waiting for locator(\".alert.alert-success.alert-dismissible\")\n\ntests/test_end_to_end.py:147: AssertionError"}, "description": "\n    End-to-End Test Flow:\n    1. Register a new user.\n    2. Logout.\n    3. Login with the registered credentials.\n    4. Search and add a product to cart.\n    5. Verify cart contents.\n    ", "attachments": [{"name": "stdout", "source": "c21c838b-f3e9-48c3-b141-f4cb4f8ffcd9-attachment.txt", "type": "text/plain"}], "start": 1767953004865, "stop": 1767953012110, "uuid": "bc30238e-ac74-4e74-8e08-f77b375c0f67", "historyId": "a7eaa9f0adc41ab2d06b44d721303a39", "testCaseId": "a7eaa9f0adc41ab2d06b44d721303a39", "fullName": "tests.test_end_to_end#test_end_to_end_flow", "labels": [{"name": "tag", "value": "end_to_end"}, {"name": "parentSuite", "value": "tests"}, {"name": "suite", "value": "test_end_to_end"}, {"name": "host", "value": "Roach"}, {"name": "thread", "value": "37033-MainThread"}, {"name": "framework", "value": "pytest"}, {"name": "language", "value": "cpython3"}, {"name": "package", "value": "tests.test_end_to_end"}], "titlePath": ["tests", "test_end_to_end.py"]}