{"uid":"1432d40d5616b0a9","name":"test_alid_user_login","fullName":"tests.test_login#test_alid_user_login","historyId":"898a15bb73165bcde3c263b1fff56277","time":{"start":1767867419666,"stop":1767867424540,"duration":4874},"status":"failed","statusMessage":"AssertionError: Locator expected to be visible\nActual value: None\nError: element(s) not found \nCall log:\n  - Expect \"to_be_visible\" with timeout 300ms\n  - waiting for locator(\"h2:has-text('My Account')\")","statusTrace":"page = <Page url='https://tutorialsninja.com/demo/index.php?route=account/login'>\n\n    def test_alid_user_login(page):\n        hompage=Homepage(page)\n        loginpage =LoginPage(page)\n    \n        hompage.click_my_account()\n        hompage.click_login()\n    \n        loginpage.set_email(Config.email)\n        loginpage.set_password(Config.password)\n    \n        loginpage.click_login()\n    \n        time.sleep(2)\n    \n        myaccount=MyAccountPage(page)\n    \n        page_heading= myaccount.get_my_account_page_heading()\n    \n>       expect(page_heading).to_be_visible(timeout=300)\nE       AssertionError: Locator expected to be visible\nE       Actual value: None\nE       Error: element(s) not found \nE       Call log:\nE         - Expect \"to_be_visible\" with timeout 300ms\nE         - waiting for locator(\"h2:has-text('My Account')\")\n\ntests/test_login.py:79: AssertionError","flaky":false,"newFailed":false,"newBroken":false,"newPassed":false,"retriesCount":0,"retriesStatusChange":false,"beforeStages":[{"name":"_session_faker","time":{"start":1767867413716,"stop":1767867413772,"duration":56},"status":"passed","steps":[],"attachments":[],"parameters":[],"stepsCount":0,"shouldDisplayMessage":false,"attachmentsCount":0,"hasContent":false,"attachmentStep":false},{"name":"delete_output_dir","time":{"start":1767867413716,"stop":1767867413716,"duration":0},"status":"passed","steps":[],"attachments":[],"parameters":[],"stepsCount":0,"shouldDisplayMessage":false,"attachmentsCount":0,"hasContent":false,"attachmentStep":false},{"name":"pytestconfig","time":{"start":1767867413716,"stop":1767867413716,"duration":0},"status":"passed","steps":[],"attachments":[],"parameters":[],"stepsCount":0,"shouldDisplayMessage":false,"attachmentsCount":0,"hasContent":false,"attachmentStep":false},{"name":"_verify_url","time":{"start":1767867413772,"stop":1767867413772,"duration":0},"status":"passed","steps":[],"attachments":[],"parameters":[],"stepsCount":0,"shouldDisplayMessage":false,"attachmentsCount":0,"hasContent":false,"attachmentStep":false},{"name":"base_url","time":{"start":1767867413772,"stop":1767867413772,"duration":0},"status":"passed","steps":[],"attachments":[],"parameters":[],"stepsCount":0,"shouldDisplayMessage":false,"attachmentsCount":0,"hasContent":false,"attachmentStep":false},{"name":"browser_context","time":{"start":1767867417773,"stop":1767867418505,"duration":732},"status":"passed","steps":[],"attachments":[],"parameters":[],"stepsCount":0,"shouldDisplayMessage":false,"attachmentsCount":0,"hasContent":false,"attachmentStep":false},{"name":"page","time":{"start":1767867418505,"stop":1767867419665,"duration":1160},"status":"passed","steps":[],"attachments":[],"parameters":[],"stepsCount":0,"shouldDisplayMessage":false,"attachmentsCount":0,"hasContent":false,"attachmentStep":false}],"testStage":{"status":"failed","statusMessage":"AssertionError: Locator expected to be visible\nActual value: None\nError: element(s) not found \nCall log:\n  - Expect \"to_be_visible\" with timeout 300ms\n  - waiting for locator(\"h2:has-text('My Account')\")","statusTrace":"page = <Page url='https://tutorialsninja.com/demo/index.php?route=account/login'>\n\n    def test_alid_user_login(page):\n        hompage=Homepage(page)\n        loginpage =LoginPage(page)\n    \n        hompage.click_my_account()\n        hompage.click_login()\n    \n        loginpage.set_email(Config.email)\n        loginpage.set_password(Config.password)\n    \n        loginpage.click_login()\n    \n        time.sleep(2)\n    \n        myaccount=MyAccountPage(page)\n    \n        page_heading= myaccount.get_my_account_page_heading()\n    \n>       expect(page_heading).to_be_visible(timeout=300)\nE       AssertionError: Locator expected to be visible\nE       Actual value: None\nE       Error: element(s) not found \nE       Call log:\nE         - Expect \"to_be_visible\" with timeout 300ms\nE         - waiting for locator(\"h2:has-text('My Account')\")\n\ntests/test_login.py:79: AssertionError","steps":[],"attachments":[{"uid":"3a4546f6c9e85732","name":"stdout","source":"3a4546f6c9e85732.txt","type":"text/plain","size":527}],"parameters":[],"stepsCount":0,"shouldDisplayMessage":true,"attachmentsCount":1,"hasContent":true,"attachmentStep":false},"afterStages":[{"name":"page::0","time":{"start":1767867424602,"stop":1767867424873,"duration":271},"status":"passed","steps":[],"attachments":[{"uid":"3416c7ce85587fad","name":"test_alid_user_login_screenshot","source":"3416c7ce85587fad.png","type":"image/png","size":87094},{"uid":"b39b61d89436f490","name":"test_alid_user_login_video","source":"b39b61d89436f490.webm","type":"video/webm","size":0}],"parameters":[],"stepsCount":0,"shouldDisplayMessage":false,"attachmentsCount":2,"hasContent":true,"attachmentStep":false},{"name":"browser_context::0","time":{"start":1767867424873,"stop":1767867425090,"duration":217},"status":"passed","steps":[],"attachments":[],"parameters":[],"stepsCount":0,"shouldDisplayMessage":false,"attachmentsCount":0,"hasContent":false,"attachmentStep":false}],"labels":[{"name":"parentSuite","value":"tests"},{"name":"suite","value":"test_login"},{"name":"host","value":"Roach"},{"name":"thread","value":"140013-MainThread"},{"name":"framework","value":"pytest"},{"name":"language","value":"cpython3"},{"name":"package","value":"tests.test_login"},{"name":"resultFormat","value":"allure2"}],"parameters":[],"links":[],"hidden":true,"retry":true,"extra":{"categories":[],"tags":[]},"source":"1432d40d5616b0a9.json","parameterValues":[]}