{"uid":"1689a88e20403648","name":"test_end_to_end_flow","fullName":"tests.test_end_to_end#test_end_to_end_flow","historyId":"a7eaa9f0adc41ab2d06b44d721303a39","time":{"start":1767952251024,"stop":1767952262190,"duration":11166},"description":"\n    End-to-End Test Flow:\n    1. Register a new user.\n    2. Logout.\n    3. Login with the registered credentials.\n    4. Search and add a product to cart.\n    5. Verify cart contents.\n    ","descriptionHtml":"<pre><code>End-to-End Test Flow:\n1. Register a new user.\n2. Logout.\n3. Login with the registered credentials.\n4. Search and add a product to cart.\n5. Verify cart contents.\n</code></pre>\n","status":"failed","statusMessage":"AssertionError: Locator expected to have text '$602.00'\nActual value: $1,204.00 \nCall log:\n  - Expect \"to_have_text\" with timeout 5000ms\n  - waiting for locator(\"//*[@id='content']/div[2]/div/table//strong[text()='Total:']//following::td\")\n    8 × locator resolved to <td class=\"text-right\">$1,204.00</td>\n      - unexpected value \"$1,204.00\"","statusTrace":"page = <Page url='https://tutorialsninja.com/demo/index.php?route=checkout/cart'>\n\n    @pytest.mark.end_to_end\n    def test_end_to_end_flow(page):\n        \"\"\"\n        End-to-End Test Flow:\n        1. Register a new user.\n        2. Logout.\n        3. Login with the registered credentials.\n        4. Search and add a product to cart.\n        5. Verify cart contents.\n        \"\"\"\n    \n        # Step 1: Register a new account and capture the generated email\n        registered_email,registered_password = perform_registration(page)\n        print(\"✅ Registration completed successfully!\")\n    \n        # Step 2: Logout after registration\n        perform_logout(page)\n        print(\"✅ Logout completed successfully!\")\n    \n        # Step 3: Login with registered email\n        perform_login(page, registered_email,registered_password)\n        print(\"✅ Login completed successfully!\")\n    \n        # Step 4: Search product and add to cart\n        add_product_to_cart(page)\n        print(\"✅ Product added to cart successfully!\")\n    \n        # Step 5: Verify cart details\n>       verify_shopping_cart(page)\n\ntests/test_end_to_end.py:43: \n_ _ _ _ _ _ _ _ _ _ _ _ _ _ _ _ _ _ _ _ _ _ _ _ _ _ _ _ _ _ _ _ _ _ _ _ _ _ _ _ _ _ _ _ _ _ _ _ _ _ _ _ _ _ _ _ _ _ _ _ _ _ _ _ _ _ _ _ _ _ _ _ _ _ _ _ _ _ _ _ _ _ _\n\npage = <Page url='https://tutorialsninja.com/demo/index.php?route=checkout/cart'>\n\n    def verify_shopping_cart(page):\n        product_page = ProductPage(page)\n        product_page.click_items_to_navigate_to_cart()\n    \n        shopping_cart = product_page.click_view_cart()\n        config = Config()\n    \n        print(\"\uD83D\uDED2 Navigated to Shopping Cart Page!\")\n    \n    \n>       expect(shopping_cart.get_total_price()).to_have_text(config.total_price)\nE       AssertionError: Locator expected to have text '$602.00'\nE       Actual value: $1,204.00 \nE       Call log:\nE         - Expect \"to_have_text\" with timeout 5000ms\nE         - waiting for locator(\"//*[@id='content']/div[2]/div/table//strong[text()='Total:']//following::td\")\nE           8 × locator resolved to <td class=\"text-right\">$1,204.00</td>\nE             - unexpected value \"$1,204.00\"\n\ntests/test_end_to_end.py:163: AssertionError","flaky":false,"newFailed":false,"newBroken":false,"newPassed":false,"retriesCount":0,"retriesStatusChange":false,"beforeStages":[{"name":"pytestconfig","time":{"start":1767952249586,"stop":1767952249587,"duration":1},"status":"passed","steps":[],"attachments":[],"parameters":[],"stepsCount":0,"shouldDisplayMessage":false,"attachmentsCount":0,"hasContent":false,"attachmentStep":false},{"name":"delete_output_dir","time":{"start":1767952249587,"stop":1767952249587,"duration":0},"status":"passed","steps":[],"attachments":[],"parameters":[],"stepsCount":0,"shouldDisplayMessage":false,"attachmentsCount":0,"hasContent":false,"attachmentStep":false},{"name":"_session_faker","time":{"start":1767952249587,"stop":1767952249624,"duration":37},"status":"passed","steps":[],"attachments":[],"parameters":[],"stepsCount":0,"shouldDisplayMessage":false,"attachmentsCount":0,"hasContent":false,"attachmentStep":false},{"name":"base_url","time":{"start":1767952249624,"stop":1767952249624,"duration":0},"status":"passed","steps":[],"attachments":[],"parameters":[],"stepsCount":0,"shouldDisplayMessage":false,"attachmentsCount":0,"hasContent":false,"attachmentStep":false},{"name":"_verify_url","time":{"start":1767952249624,"stop":1767952249624,"duration":0},"status":"passed","steps":[],"attachments":[],"parameters":[],"stepsCount":0,"shouldDisplayMessage":false,"attachmentsCount":0,"hasContent":false,"attachmentStep":false},{"name":"browser_context","time":{"start":1767952249624,"stop":1767952250100,"duration":476},"status":"passed","steps":[],"attachments":[],"parameters":[],"stepsCount":0,"shouldDisplayMessage":false,"attachmentsCount":0,"hasContent":false,"attachmentStep":false},{"name":"page","time":{"start":1767952250100,"stop":1767952251023,"duration":923},"status":"passed","steps":[],"attachments":[],"parameters":[],"stepsCount":0,"shouldDisplayMessage":false,"attachmentsCount":0,"hasContent":false,"attachmentStep":false}],"testStage":{"description":"\n    End-to-End Test Flow:\n    1. Register a new user.\n    2. Logout.\n    3. Login with the registered credentials.\n    4. Search and add a product to cart.\n    5. Verify cart contents.\n    ","status":"failed","statusMessage":"AssertionError: Locator expected to have text '$602.00'\nActual value: $1,204.00 \nCall log:\n  - Expect \"to_have_text\" with timeout 5000ms\n  - waiting for locator(\"//*[@id='content']/div[2]/div/table//strong[text()='Total:']//following::td\")\n    8 × locator resolved to <td class=\"text-right\">$1,204.00</td>\n      - unexpected value \"$1,204.00\"","statusTrace":"page = <Page url='https://tutorialsninja.com/demo/index.php?route=checkout/cart'>\n\n    @pytest.mark.end_to_end\n    def test_end_to_end_flow(page):\n        \"\"\"\n        End-to-End Test Flow:\n        1. Register a new user.\n        2. Logout.\n        3. Login with the registered credentials.\n        4. Search and add a product to cart.\n        5. Verify cart contents.\n        \"\"\"\n    \n        # Step 1: Register a new account and capture the generated email\n        registered_email,registered_password = perform_registration(page)\n        print(\"✅ Registration completed successfully!\")\n    \n        # Step 2: Logout after registration\n        perform_logout(page)\n        print(\"✅ Logout completed successfully!\")\n    \n        # Step 3: Login with registered email\n        perform_login(page, registered_email,registered_password)\n        print(\"✅ Login completed successfully!\")\n    \n        # Step 4: Search product and add to cart\n        add_product_to_cart(page)\n        print(\"✅ Product added to cart successfully!\")\n    \n        # Step 5: Verify cart details\n>       verify_shopping_cart(page)\n\ntests/test_end_to_end.py:43: \n_ _ _ _ _ _ _ _ _ _ _ _ _ _ _ _ _ _ _ _ _ _ _ _ _ _ _ _ _ _ _ _ _ _ _ _ _ _ _ _ _ _ _ _ _ _ _ _ _ _ _ _ _ _ _ _ _ _ _ _ _ _ _ _ _ _ _ _ _ _ _ _ _ _ _ _ _ _ _ _ _ _ _\n\npage = <Page url='https://tutorialsninja.com/demo/index.php?route=checkout/cart'>\n\n    def verify_shopping_cart(page):\n        product_page = ProductPage(page)\n        product_page.click_items_to_navigate_to_cart()\n    \n        shopping_cart = product_page.click_view_cart()\n        config = Config()\n    \n        print(\"\uD83D\uDED2 Navigated to Shopping Cart Page!\")\n    \n    \n>       expect(shopping_cart.get_total_price()).to_have_text(config.total_price)\nE       AssertionError: Locator expected to have text '$602.00'\nE       Actual value: $1,204.00 \nE       Call log:\nE         - Expect \"to_have_text\" with timeout 5000ms\nE         - waiting for locator(\"//*[@id='content']/div[2]/div/table//strong[text()='Total:']//following::td\")\nE           8 × locator resolved to <td class=\"text-right\">$1,204.00</td>\nE             - unexpected value \"$1,204.00\"\n\ntests/test_end_to_end.py:163: AssertionError","steps":[],"attachments":[{"uid":"ac88429d2cc6e6fc","name":"stdout","source":"ac88429d2cc6e6fc.txt","type":"text/plain","size":732}],"parameters":[],"stepsCount":0,"shouldDisplayMessage":true,"attachmentsCount":1,"hasContent":true,"attachmentStep":false},"afterStages":[{"name":"page::0","time":{"start":1767952262238,"stop":1767952262492,"duration":254},"status":"passed","steps":[],"attachments":[{"uid":"b0b19e7bea171379","name":"test_end_to_end_flow_screenshot","source":"b0b19e7bea171379.png","type":"image/png","size":87668},{"uid":"bafeed3df3c44f2b","name":"test_end_to_end_flow_video","source":"bafeed3df3c44f2b.webm","type":"video/webm","size":262144}],"parameters":[],"stepsCount":0,"shouldDisplayMessage":false,"attachmentsCount":2,"hasContent":true,"attachmentStep":false},{"name":"browser_context::0","time":{"start":1767952262493,"stop":1767952262861,"duration":368},"status":"passed","steps":[],"attachments":[],"parameters":[],"stepsCount":0,"shouldDisplayMessage":false,"attachmentsCount":0,"hasContent":false,"attachmentStep":false}],"labels":[{"name":"tag","value":"end_to_end"},{"name":"parentSuite","value":"tests"},{"name":"suite","value":"test_end_to_end"},{"name":"host","value":"Roach"},{"name":"thread","value":"30947-MainThread"},{"name":"framework","value":"pytest"},{"name":"language","value":"cpython3"},{"name":"package","value":"tests.test_end_to_end"},{"name":"resultFormat","value":"allure2"}],"parameters":[],"links":[],"hidden":true,"retry":true,"extra":{"categories":[],"tags":["end_to_end"]},"source":"1689a88e20403648.json","parameterValues":[]}