{"uid":"22efc5037930ccd1","name":"test_end_to_end_flow","fullName":"tests.test_end_to_end#test_end_to_end_flow","historyId":"a7eaa9f0adc41ab2d06b44d721303a39","time":{"start":1767953862555,"stop":1767953867697,"duration":5142},"description":"\n    End-to-End Test Flow:\n    1. Register a new user.\n    2. Logout.\n    3. Login with the registered credentials.\n    4. Search and add a product to cart.\n    5. Verify cart contents.\n    ","descriptionHtml":"<pre><code>End-to-End Test Flow:\n1. Register a new user.\n2. Logout.\n3. Login with the registered credentials.\n4. Search and add a product to cart.\n5. Verify cart contents.\n</code></pre>\n","status":"broken","statusMessage":"playwright._impl._errors.Error: Locator.click: Unexpected token \"\" while parsing css selector \".\". Did you mean to CSS.escape it?\nCall log:\n  - waiting for .","statusTrace":"page = <Page url='https://tutorialsninja.com/demo/index.php?route=product/product&product_id=43&search=MacBook'>\n\n    @pytest.mark.end_to_end\n    def test_end_to_end_flow(page):\n        \"\"\"\n        End-to-End Test Flow:\n        1. Register a new user.\n        2. Logout.\n        3. Login with the registered credentials.\n        4. Search and add a product to cart.\n        5. Verify cart contents.\n        \"\"\"\n    \n        # Step 1: Register a new account and capture the generated email\n        registered_email,registered_password = perform_registration(page)\n        print(\"✅ Registration completed successfully!\")\n    \n        # Step 2: Logout after registration\n        perform_logout(page)\n        print(\"✅ Logout completed successfully!\")\n    \n        # Step 3: Login with registered email\n        perform_login(page, registered_email,registered_password)\n        print(\"✅ Login completed successfully!\")\n    \n        # Step 4: Search product and add to cart\n>       add_product_to_cart(page)\n\ntests/test_end_to_end.py:39: \n_ _ _ _ _ _ _ _ _ _ _ _ _ _ _ _ _ _ _ _ _ _ _ _ _ _ _ _ _ _ _ _ _ _ _ _ _ _ _ _ _ _ _ _ _ _ _ _ _ _ _ _ _ _ _ _ _ _ _ _ _ _ _ _ _ _ _ _ _ _ _ _ _ _ _ _ _ _ _ _ _ _ _\ntests/test_end_to_end.py:142: in add_product_to_cart\n    product_page.add_to_cart()\npages/product_page.py:49: in add_to_cart\n    self.btn_add_to_cart.click()\n.venv/lib/python3.10/site-packages/playwright/sync_api/_generated.py:15637: in click\n    self._sync(\n.venv/lib/python3.10/site-packages/playwright/_impl/_locator.py:162: in click\n    return await self._frame._click(self._selector, strict=True, **params)\n.venv/lib/python3.10/site-packages/playwright/_impl/_frame.py:566: in _click\n    await self._channel.send(\"click\", self._timeout, locals_to_params(locals()))\n.venv/lib/python3.10/site-packages/playwright/_impl/_connection.py:69: in send\n    return await self._connection.wrap_api_call(\n_ _ _ _ _ _ _ _ _ _ _ _ _ _ _ _ _ _ _ _ _ _ _ _ _ _ _ _ _ _ _ _ _ _ _ _ _ _ _ _ _ _ _ _ _ _ _ _ _ _ _ _ _ _ _ _ _ _ _ _ _ _ _ _ _ _ _ _ _ _ _ _ _ _ _ _ _ _ _ _ _ _ _\n\nself = <playwright._impl._connection.Connection object at 0x79391c35dde0>, cb = <function Channel.send.<locals>.<lambda> at 0x79391c547010>, is_internal = False\ntitle = None\n\n    async def wrap_api_call(\n        self, cb: Callable[[], Any], is_internal: bool = False, title: str = None\n    ) -> Any:\n        if self._api_zone.get():\n            return await cb()\n        task = asyncio.current_task(self._loop)\n        st: List[inspect.FrameInfo] = getattr(\n            task, \"__pw_stack__\", None\n        ) or inspect.stack(0)\n    \n        parsed_st = _extract_stack_trace_information_from_stack(st, is_internal, title)\n        self._api_zone.set(parsed_st)\n        try:\n            return await cb()\n        except Exception as error:\n>           raise rewrite_error(error, f\"{parsed_st['apiName']}: {error}\") from None\nE           playwright._impl._errors.Error: Locator.click: Unexpected token \"\" while parsing css selector \".\". Did you mean to CSS.escape it?\nE           Call log:\nE             - waiting for .\n\n.venv/lib/python3.10/site-packages/playwright/_impl/_connection.py:559: Error","flaky":false,"newFailed":false,"newBroken":false,"newPassed":false,"retriesCount":19,"retriesStatusChange":true,"beforeStages":[{"name":"_session_faker","time":{"start":1767953854951,"stop":1767953855049,"duration":98},"status":"passed","steps":[],"attachments":[],"parameters":[],"stepsCount":0,"shouldDisplayMessage":false,"attachmentsCount":0,"hasContent":false,"attachmentStep":false},{"name":"pytestconfig","time":{"start":1767953854951,"stop":1767953854951,"duration":0},"status":"passed","steps":[],"attachments":[],"parameters":[],"stepsCount":0,"shouldDisplayMessage":false,"attachmentsCount":0,"hasContent":false,"attachmentStep":false},{"name":"delete_output_dir","time":{"start":1767953854951,"stop":1767953854951,"duration":0},"status":"passed","steps":[],"attachments":[],"parameters":[],"stepsCount":0,"shouldDisplayMessage":false,"attachmentsCount":0,"hasContent":false,"attachmentStep":false},{"name":"_verify_url","time":{"start":1767953855050,"stop":1767953855050,"duration":0},"status":"passed","steps":[],"attachments":[],"parameters":[],"stepsCount":0,"shouldDisplayMessage":false,"attachmentsCount":0,"hasContent":false,"attachmentStep":false},{"name":"base_url","time":{"start":1767953855050,"stop":1767953855050,"duration":0},"status":"passed","steps":[],"attachments":[],"parameters":[],"stepsCount":0,"shouldDisplayMessage":false,"attachmentsCount":0,"hasContent":false,"attachmentStep":false},{"name":"browser_context","time":{"start":1767953860154,"stop":1767953861410,"duration":1256},"status":"passed","steps":[],"attachments":[],"parameters":[],"stepsCount":0,"shouldDisplayMessage":false,"attachmentsCount":0,"hasContent":false,"attachmentStep":false},{"name":"page","time":{"start":1767953861410,"stop":1767953862554,"duration":1144},"status":"passed","steps":[],"attachments":[],"parameters":[],"stepsCount":0,"shouldDisplayMessage":false,"attachmentsCount":0,"hasContent":false,"attachmentStep":false}],"testStage":{"description":"\n    End-to-End Test Flow:\n    1. Register a new user.\n    2. Logout.\n    3. Login with the registered credentials.\n    4. Search and add a product to cart.\n    5. Verify cart contents.\n    ","status":"broken","statusMessage":"playwright._impl._errors.Error: Locator.click: Unexpected token \"\" while parsing css selector \".\". Did you mean to CSS.escape it?\nCall log:\n  - waiting for .","statusTrace":"page = <Page url='https://tutorialsninja.com/demo/index.php?route=product/product&product_id=43&search=MacBook'>\n\n    @pytest.mark.end_to_end\n    def test_end_to_end_flow(page):\n        \"\"\"\n        End-to-End Test Flow:\n        1. Register a new user.\n        2. Logout.\n        3. Login with the registered credentials.\n        4. Search and add a product to cart.\n        5. Verify cart contents.\n        \"\"\"\n    \n        # Step 1: Register a new account and capture the generated email\n        registered_email,registered_password = perform_registration(page)\n        print(\"✅ Registration completed successfully!\")\n    \n        # Step 2: Logout after registration\n        perform_logout(page)\n        print(\"✅ Logout completed successfully!\")\n    \n        # Step 3: Login with registered email\n        perform_login(page, registered_email,registered_password)\n        print(\"✅ Login completed successfully!\")\n    \n        # Step 4: Search product and add to cart\n>       add_product_to_cart(page)\n\ntests/test_end_to_end.py:39: \n_ _ _ _ _ _ _ _ _ _ _ _ _ _ _ _ _ _ _ _ _ _ _ _ _ _ _ _ _ _ _ _ _ _ _ _ _ _ _ _ _ _ _ _ _ _ _ _ _ _ _ _ _ _ _ _ _ _ _ _ _ _ _ _ _ _ _ _ _ _ _ _ _ _ _ _ _ _ _ _ _ _ _\ntests/test_end_to_end.py:142: in add_product_to_cart\n    product_page.add_to_cart()\npages/product_page.py:49: in add_to_cart\n    self.btn_add_to_cart.click()\n.venv/lib/python3.10/site-packages/playwright/sync_api/_generated.py:15637: in click\n    self._sync(\n.venv/lib/python3.10/site-packages/playwright/_impl/_locator.py:162: in click\n    return await self._frame._click(self._selector, strict=True, **params)\n.venv/lib/python3.10/site-packages/playwright/_impl/_frame.py:566: in _click\n    await self._channel.send(\"click\", self._timeout, locals_to_params(locals()))\n.venv/lib/python3.10/site-packages/playwright/_impl/_connection.py:69: in send\n    return await self._connection.wrap_api_call(\n_ _ _ _ _ _ _ _ _ _ _ _ _ _ _ _ _ _ _ _ _ _ _ _ _ _ _ _ _ _ _ _ _ _ _ _ _ _ _ _ _ _ _ _ _ _ _ _ _ _ _ _ _ _ _ _ _ _ _ _ _ _ _ _ _ _ _ _ _ _ _ _ _ _ _ _ _ _ _ _ _ _ _\n\nself = <playwright._impl._connection.Connection object at 0x79391c35dde0>, cb = <function Channel.send.<locals>.<lambda> at 0x79391c547010>, is_internal = False\ntitle = None\n\n    async def wrap_api_call(\n        self, cb: Callable[[], Any], is_internal: bool = False, title: str = None\n    ) -> Any:\n        if self._api_zone.get():\n            return await cb()\n        task = asyncio.current_task(self._loop)\n        st: List[inspect.FrameInfo] = getattr(\n            task, \"__pw_stack__\", None\n        ) or inspect.stack(0)\n    \n        parsed_st = _extract_stack_trace_information_from_stack(st, is_internal, title)\n        self._api_zone.set(parsed_st)\n        try:\n            return await cb()\n        except Exception as error:\n>           raise rewrite_error(error, f\"{parsed_st['apiName']}: {error}\") from None\nE           playwright._impl._errors.Error: Locator.click: Unexpected token \"\" while parsing css selector \".\". Did you mean to CSS.escape it?\nE           Call log:\nE             - waiting for .\n\n.venv/lib/python3.10/site-packages/playwright/_impl/_connection.py:559: Error","steps":[],"attachments":[{"uid":"bb95d3d19c4f2f73","name":"stdout","source":"bb95d3d19c4f2f73.txt","type":"text/plain","size":833}],"parameters":[],"stepsCount":0,"shouldDisplayMessage":true,"attachmentsCount":1,"hasContent":true,"attachmentStep":false},"afterStages":[{"name":"page::0","time":{"start":1767953868063,"stop":1767953868769,"duration":706},"status":"passed","steps":[],"attachments":[{"uid":"c466a51522b79f63","name":"test_end_to_end_flow_screenshot","source":"c466a51522b79f63.png","type":"image/png","size":118348},{"uid":"97da56f413819f8e","name":"test_end_to_end_flow_video","source":"97da56f413819f8e.webm","type":"video/webm","size":0}],"parameters":[],"stepsCount":0,"shouldDisplayMessage":false,"attachmentsCount":2,"hasContent":true,"attachmentStep":false},{"name":"browser_context::0","time":{"start":1767953868770,"stop":1767953869125,"duration":355},"status":"passed","steps":[],"attachments":[],"parameters":[],"stepsCount":0,"shouldDisplayMessage":false,"attachmentsCount":0,"hasContent":false,"attachmentStep":false}],"labels":[{"name":"tag","value":"end_to_end"},{"name":"parentSuite","value":"tests"},{"name":"suite","value":"test_end_to_end"},{"name":"host","value":"Roach"},{"name":"thread","value":"44332-MainThread"},{"name":"framework","value":"pytest"},{"name":"language","value":"cpython3"},{"name":"package","value":"tests.test_end_to_end"},{"name":"resultFormat","value":"allure2"}],"parameters":[],"links":[],"hidden":false,"retry":false,"extra":{"severity":"normal","retries":[{"uid":"149b2ffef1851448","status":"passed","time":{"start":1767953494994,"stop":1767953500777,"duration":5783}},{"uid":"52cff99348911479","status":"broken","statusDetails":"playwright._impl._errors.TimeoutError: Locator.click: Timeout 30000ms exceeded.\nCall log:\n  - waiting for locator(\".btn btn-primary btn-lg btn-block\")","time":{"start":1767953431741,"stop":1767953466793,"duration":35052}},{"uid":"6a7a4a246c2c246f","status":"broken","statusDetails":"playwright._impl._errors.TargetClosedError: Locator.click: Target page, context or browser has been closed\nCall log:\n  - waiting for locator(\".btn btn-primary btn-lg btn-block\")","time":{"start":1767953383344,"stop":1767953413122,"duration":29778}},{"uid":"a0353ba230a658e6","status":"passed","time":{"start":1767953048047,"stop":1767953055316,"duration":7269}},{"uid":"7d98b608b7dcc19","status":"failed","statusDetails":"AssertionError: Locator expected to be visible\nActual value: None\nError: element(s) not found \nCall log:\n  - Expect \"to_be_visible\" with timeout 3000ms\n  - waiting for locator(\".alert.alert-success.alert-dismissible\")","time":{"start":1767953004865,"stop":1767953012110,"duration":7245}},{"uid":"2686eed5c1146bed","status":"passed","time":{"start":1767952940337,"stop":1767952946150,"duration":5813}},{"uid":"56565b6ee22e204b","status":"failed","statusDetails":"AssertionError: Locator expected to be visible\nActual value: None\nError: element(s) not found \nCall log:\n  - Expect \"to_be_visible\" with timeout 3000ms\n  - waiting for locator(\".alert.alert-success.alert-dismissible\")","time":{"start":1767952713663,"stop":1767952721103,"duration":7440}},{"uid":"1689a88e20403648","status":"failed","statusDetails":"AssertionError: Locator expected to have text '$602.00'\nActual value: $1,204.00 \nCall log:\n  - Expect \"to_have_text\" with timeout 5000ms\n  - waiting for locator(\"//*[@id='content']/div[2]/div/table//strong[text()='Total:']//following::td\")\n    8 × locator resolved to <td class=\"text-right\">$1,204.00</td>\n      - unexpected value \"$1,204.00\"","time":{"start":1767952251024,"stop":1767952262190,"duration":11166}},{"uid":"1c58f1bc6d75e7f4","status":"failed","statusDetails":"AssertionError: Locator expected to be visible\nActual value: None\nError: element(s) not found \nCall log:\n  - Expect \"to_be_visible\" with timeout 3000ms\n  - waiting for locator(\".alert.alert-success.alert-dismissible\")","time":{"start":1767952209212,"stop":1767952217719,"duration":8507}},{"uid":"2598c9ef1758a1a7","status":"failed","statusDetails":"AssertionError: Locator expected to be visible\nActual value: None\nError: element(s) not found \nCall log:\n  - Expect \"to_be_visible\" with timeout 3000ms\n  - waiting for locator(\".alert.alert-success.alert-dismissible\")","time":{"start":1767952158808,"stop":1767952165451,"duration":6643}},{"uid":"e4faf813ddba20af","status":"failed","statusDetails":"AssertionError: Locator expected to be visible\nActual value: None\nError: element(s) not found \nCall log:\n  - Expect \"to_be_visible\" with timeout 3000ms\n  - waiting for locator(\".alert.alert-success.alert-dismissible\")","time":{"start":1767951859583,"stop":1767951866422,"duration":6839}},{"uid":"89b3e47277661b1","status":"passed","time":{"start":1767951840634,"stop":1767951848314,"duration":7680}},{"uid":"4a42801fc584e2e4","status":"failed","statusDetails":"AssertionError: Locator expected to be visible\nActual value: None\nError: element(s) not found \nCall log:\n  - Expect \"to_be_visible\" with timeout 3000ms\n  - waiting for locator(\".alert.alert-success.alert-dismissible\")","time":{"start":1767951775995,"stop":1767951782961,"duration":6966}},{"uid":"b929b12658d60f6f","status":"passed","time":{"start":1767951619887,"stop":1767951626927,"duration":7040}},{"uid":"cd3ddad391eb0f4a","status":"failed","statusDetails":"AssertionError: Locator expected to be visible\nActual value: None\nError: element(s) not found \nCall log:\n  - Expect \"to_be_visible\" with timeout 3000ms\n  - waiting for locator(\".alert.alert-success.alert-dismissible\")","time":{"start":1767951499264,"stop":1767951506359,"duration":7095}},{"uid":"24a392513595d634","status":"failed","statusDetails":"AssertionError: Locator expected to be visible\nActual value: None\nError: element(s) not found \nCall log:\n  - Expect \"to_be_visible\" with timeout 3000ms\n  - waiting for locator(\".alert.alert-success.alert-dismissible\")","time":{"start":1767951423236,"stop":1767951429848,"duration":6612}},{"uid":"96c215fd9df14f57","status":"failed","statusDetails":"AssertionError: Locator expected to be visible\nActual value: None\nError: element(s) not found \nCall log:\n  - Expect \"to_be_visible\" with timeout 3000ms\n  - waiting for locator(\".alert.alert-success.alert-dismissible\")","time":{"start":1767950728084,"stop":1767950735358,"duration":7274}},{"uid":"edc1f5081348b127","status":"broken","statusDetails":"NameError: name 'HomePage' is not defined","time":{"start":1767950564774,"stop":1767950566841,"duration":2067}},{"uid":"c313b0dbdaac09c9","status":"broken","statusDetails":"NameError: name 'HomePage' is not defined","time":{"start":1767950535421,"stop":1767950535421,"duration":0}}],"categories":[{"name":"Test defects","matchedStatuses":[],"flaky":false}],"tags":["end_to_end"]},"source":"22efc5037930ccd1.json","parameterValues":[]}