{"uid":"96c215fd9df14f57","name":"test_end_to_end_flow","fullName":"tests.test_end_to_end#test_end_to_end_flow","historyId":"a7eaa9f0adc41ab2d06b44d721303a39","time":{"start":1767950728084,"stop":1767950735358,"duration":7274},"description":"\n    End-to-End Test Flow:\n    1. Register a new user.\n    2. Logout.\n    3. Login with the registered credentials.\n    4. Search and add a product to cart.\n    5. Verify cart contents.\n    ","descriptionHtml":"<pre><code>End-to-End Test Flow:\n1. Register a new user.\n2. Logout.\n3. Login with the registered credentials.\n4. Search and add a product to cart.\n5. Verify cart contents.\n</code></pre>\n","status":"failed","statusMessage":"AssertionError: Locator expected to be visible\nActual value: None\nError: element(s) not found \nCall log:\n  - Expect \"to_be_visible\" with timeout 3000ms\n  - waiting for locator(\".alert.alert-success.alert-dismissible\")","statusTrace":"page = <Page url='https://tutorialsninja.com/demo/index.php?route=product/product&product_id=43&search=MacBook'>\n\n    @pytest.mark.end_to_end\n    def test_end_to_end_flow(page):\n        \"\"\"\n        End-to-End Test Flow:\n        1. Register a new user.\n        2. Logout.\n        3. Login with the registered credentials.\n        4. Search and add a product to cart.\n        5. Verify cart contents.\n        \"\"\"\n    \n        # Step 1: Register a new account and capture the generated email\n        registered_email,registered_password = perform_registration(page)\n        print(\"✅ Registration completed successfully!\")\n    \n        # Step 2: Logout after registration\n        perform_logout(page)\n        print(\"✅ Logout completed successfully!\")\n    \n        # Step 3: Login with registered email\n        perform_login(page, registered_email,registered_password)\n        print(\"✅ Login completed successfully!\")\n    \n        # Step 4: Search product and add to cart\n>       add_product_to_cart(page)\n\ntests/test_end_to_end.py:39: \n_ _ _ _ _ _ _ _ _ _ _ _ _ _ _ _ _ _ _ _ _ _ _ _ _ _ _ _ _ _ _ _ _ _ _ _ _ _ _ _ _ _ _ _ _ _ _ _ _ _ _ _ _ _ _ _ _ _ _ _ _ _ _ _ _ _ _ _ _ _ _ _ _ _ _ _ _ _ _ _ _ _ _\n\npage = <Page url='https://tutorialsninja.com/demo/index.php?route=product/product&product_id=43&search=MacBook'>\n\n    def add_product_to_cart(page):\n    \n        #search results + add produc to cart\n    \n    \n        # Get product name from configuration\n        product_name = Config.product_name\n        quantity = Config.product_quantity\n    \n        # Create Page Object instances\n        home_page = HomePage(page)\n        search_results_page=SearchResultsPage(page)\n    \n        #  Enter product name and click Search\n        home_page.enter_product_name(product_name)\n        home_page.click_search()\n    \n        # Verify that the search results page is displayed\n        expect(search_results_page.get_search_results_page_header()).to_be_visible(timeout=3000)\n    \n        # Validate if the searched product appears in results\n        expect(search_results_page.is_product_exist(product_name)).to_be_visible(timeout=3000)\n    \n    \n        product_page = search_results_page.select_product(product_name)\n        product_page.set_quantity(quantity)\n        product_page.add_to_cart()\n    \n        # Verify success message appears\n>       expect(product_page.get_confirmation_message()).to_be_visible(timeout=3000)\nE       AssertionError: Locator expected to be visible\nE       Actual value: None\nE       Error: element(s) not found \nE       Call log:\nE         - Expect \"to_be_visible\" with timeout 3000ms\nE         - waiting for locator(\".alert.alert-success.alert-dismissible\")\n\ntests/test_end_to_end.py:145: AssertionError","flaky":false,"newFailed":false,"newBroken":false,"newPassed":false,"retriesCount":0,"retriesStatusChange":false,"beforeStages":[{"name":"pytestconfig","time":{"start":1767950726615,"stop":1767950726615,"duration":0},"status":"passed","steps":[],"attachments":[],"parameters":[],"stepsCount":0,"shouldDisplayMessage":false,"attachmentsCount":0,"hasContent":false,"attachmentStep":false},{"name":"_session_faker","time":{"start":1767950726615,"stop":1767950726657,"duration":42},"status":"passed","steps":[],"attachments":[],"parameters":[],"stepsCount":0,"shouldDisplayMessage":false,"attachmentsCount":0,"hasContent":false,"attachmentStep":false},{"name":"delete_output_dir","time":{"start":1767950726615,"stop":1767950726615,"duration":0},"status":"passed","steps":[],"attachments":[],"parameters":[],"stepsCount":0,"shouldDisplayMessage":false,"attachmentsCount":0,"hasContent":false,"attachmentStep":false},{"name":"base_url","time":{"start":1767950726657,"stop":1767950726657,"duration":0},"status":"passed","steps":[],"attachments":[],"parameters":[],"stepsCount":0,"shouldDisplayMessage":false,"attachmentsCount":0,"hasContent":false,"attachmentStep":false},{"name":"_verify_url","time":{"start":1767950726657,"stop":1767950726657,"duration":0},"status":"passed","steps":[],"attachments":[],"parameters":[],"stepsCount":0,"shouldDisplayMessage":false,"attachmentsCount":0,"hasContent":false,"attachmentStep":false},{"name":"browser_context","time":{"start":1767950726657,"stop":1767950727137,"duration":480},"status":"passed","steps":[],"attachments":[],"parameters":[],"stepsCount":0,"shouldDisplayMessage":false,"attachmentsCount":0,"hasContent":false,"attachmentStep":false},{"name":"page","time":{"start":1767950727137,"stop":1767950728084,"duration":947},"status":"passed","steps":[],"attachments":[],"parameters":[],"stepsCount":0,"shouldDisplayMessage":false,"attachmentsCount":0,"hasContent":false,"attachmentStep":false}],"testStage":{"description":"\n    End-to-End Test Flow:\n    1. Register a new user.\n    2. Logout.\n    3. Login with the registered credentials.\n    4. Search and add a product to cart.\n    5. Verify cart contents.\n    ","status":"failed","statusMessage":"AssertionError: Locator expected to be visible\nActual value: None\nError: element(s) not found \nCall log:\n  - Expect \"to_be_visible\" with timeout 3000ms\n  - waiting for locator(\".alert.alert-success.alert-dismissible\")","statusTrace":"page = <Page url='https://tutorialsninja.com/demo/index.php?route=product/product&product_id=43&search=MacBook'>\n\n    @pytest.mark.end_to_end\n    def test_end_to_end_flow(page):\n        \"\"\"\n        End-to-End Test Flow:\n        1. Register a new user.\n        2. Logout.\n        3. Login with the registered credentials.\n        4. Search and add a product to cart.\n        5. Verify cart contents.\n        \"\"\"\n    \n        # Step 1: Register a new account and capture the generated email\n        registered_email,registered_password = perform_registration(page)\n        print(\"✅ Registration completed successfully!\")\n    \n        # Step 2: Logout after registration\n        perform_logout(page)\n        print(\"✅ Logout completed successfully!\")\n    \n        # Step 3: Login with registered email\n        perform_login(page, registered_email,registered_password)\n        print(\"✅ Login completed successfully!\")\n    \n        # Step 4: Search product and add to cart\n>       add_product_to_cart(page)\n\ntests/test_end_to_end.py:39: \n_ _ _ _ _ _ _ _ _ _ _ _ _ _ _ _ _ _ _ _ _ _ _ _ _ _ _ _ _ _ _ _ _ _ _ _ _ _ _ _ _ _ _ _ _ _ _ _ _ _ _ _ _ _ _ _ _ _ _ _ _ _ _ _ _ _ _ _ _ _ _ _ _ _ _ _ _ _ _ _ _ _ _\n\npage = <Page url='https://tutorialsninja.com/demo/index.php?route=product/product&product_id=43&search=MacBook'>\n\n    def add_product_to_cart(page):\n    \n        #search results + add produc to cart\n    \n    \n        # Get product name from configuration\n        product_name = Config.product_name\n        quantity = Config.product_quantity\n    \n        # Create Page Object instances\n        home_page = HomePage(page)\n        search_results_page=SearchResultsPage(page)\n    \n        #  Enter product name and click Search\n        home_page.enter_product_name(product_name)\n        home_page.click_search()\n    \n        # Verify that the search results page is displayed\n        expect(search_results_page.get_search_results_page_header()).to_be_visible(timeout=3000)\n    \n        # Validate if the searched product appears in results\n        expect(search_results_page.is_product_exist(product_name)).to_be_visible(timeout=3000)\n    \n    \n        product_page = search_results_page.select_product(product_name)\n        product_page.set_quantity(quantity)\n        product_page.add_to_cart()\n    \n        # Verify success message appears\n>       expect(product_page.get_confirmation_message()).to_be_visible(timeout=3000)\nE       AssertionError: Locator expected to be visible\nE       Actual value: None\nE       Error: element(s) not found \nE       Call log:\nE         - Expect \"to_be_visible\" with timeout 3000ms\nE         - waiting for locator(\".alert.alert-success.alert-dismissible\")\n\ntests/test_end_to_end.py:145: AssertionError","steps":[],"attachments":[{"uid":"61dfecc4ea8cfb21","name":"stdout","source":"61dfecc4ea8cfb21.txt","type":"text/plain","size":637}],"parameters":[],"stepsCount":0,"shouldDisplayMessage":true,"attachmentsCount":1,"hasContent":true,"attachmentStep":false},"afterStages":[{"name":"page::0","time":{"start":1767950735407,"stop":1767950735670,"duration":263},"status":"passed","steps":[],"attachments":[{"uid":"3c9bdb4f4d479120","name":"test_end_to_end_flow_screenshot","source":"3c9bdb4f4d479120.png","type":"image/png","size":117415},{"uid":"bc21e3ee8c7a8031","name":"test_end_to_end_flow_video","source":"bc21e3ee8c7a8031.webm","type":"video/webm","size":262144}],"parameters":[],"stepsCount":0,"shouldDisplayMessage":false,"attachmentsCount":2,"hasContent":true,"attachmentStep":false},{"name":"browser_context::0","time":{"start":1767950735671,"stop":1767950735920,"duration":249},"status":"passed","steps":[],"attachments":[],"parameters":[],"stepsCount":0,"shouldDisplayMessage":false,"attachmentsCount":0,"hasContent":false,"attachmentStep":false}],"labels":[{"name":"tag","value":"end_to_end"},{"name":"parentSuite","value":"tests"},{"name":"suite","value":"test_end_to_end"},{"name":"host","value":"Roach"},{"name":"thread","value":"17972-MainThread"},{"name":"framework","value":"pytest"},{"name":"language","value":"cpython3"},{"name":"package","value":"tests.test_end_to_end"},{"name":"resultFormat","value":"allure2"}],"parameters":[],"links":[],"hidden":true,"retry":true,"extra":{"categories":[],"tags":["end_to_end"]},"source":"96c215fd9df14f57.json","parameterValues":[]}